<?xml version="1.0" encoding="UTF-8"?>
<coverage generated="1597227846889" clover="3.2.0">
  <project timestamp="1597227846889" name="All files">
    <metrics statements="9" coveredstatements="2" conditionals="0" coveredconditionals="0" methods="7" coveredmethods="1" elements="16" coveredelements="3" complexity="0" loc="9" ncloc="9" packages="1" files="2" classes="2">
      <file name="index.js" path="/Users/jagadeesh-shopf/NodeCoverage/index.js">
        <metrics statements="6" coveredstatements="0" conditionals="0" coveredconditionals="0" methods="5" coveredmethods="0"/>
        <line num="2" count="0" type="stmt"/>
        <line num="6" count="0" type="stmt"/>
        <line num="10" count="0" type="stmt"/>
        <line num="14" count="0" type="stmt"/>
        <line num="18" count="0" type="stmt"/>
        <line num="21" count="0" type="stmt"/>
      </file>
      <file name="sum.js" path="/Users/jagadeesh-shopf/NodeCoverage/sum.js">
        <metrics statements="3" coveredstatements="2" conditionals="0" coveredconditionals="0" methods="2" coveredmethods="1"/>
        <line num="2" count="3" type="stmt"/>
        <line num="6" count="0" type="stmt"/>
        <line num="9" count="1" type="stmt"/>
      </file>
    </metrics>
  </project>
</coverage>
